<?xml version="1.0" encoding="utf-8"?><testsuites name="pytest tests"><testsuite name="pytest" errors="0" failures="1" skipped="0" tests="15" time="4.431" timestamp="2026-01-10T02:01:46.752436+00:00" hostname="agent-env-32f39d1f-2502-4608-bdff-881f326f3e29"><testcase classname="tests.test_cpf_cargo_validation.TestAuthAndLogin" name="test_login_success" time="0.326" /><testcase classname="tests.test_cpf_cargo_validation.TestAuthAndLogin" name="test_login_invalid_credentials" time="0.045" /><testcase classname="tests.test_cpf_cargo_validation.TestUserSignatureData" name="test_get_current_user_with_signature_data" time="0.297" /><testcase classname="tests.test_cpf_cargo_validation.TestUserSignatureData" name="test_get_users_list" time="0.301" /><testcase classname="tests.test_cpf_cargo_validation.TestCPFCargoValidationForPDFExport" name="test_get_pac_exists" time="0.311" /><testcase classname="tests.test_cpf_cargo_validation.TestCPFCargoValidationForPDFExport" name="test_export_pdf_with_valid_cpf_cargo" time="0.516" /><testcase classname="tests.test_cpf_cargo_validation.TestUpdateUserSignatureData" name="test_update_user_with_cpf_cargo" time="0.382" /><testcase classname="tests.test_cpf_cargo_validation.TestPDFExportAfterCPFCargoUpdate" name="test_pdf_export_after_cpf_cargo_filled" time="0.539" /><testcase classname="tests.test_cpf_cargo_validation.TestPublicEndpoints" name="test_public_pacs_endpoint" time="0.038"><failure message="AssertionError: assert False&#10; +  where False = isinstance({'data': [{'ano': '2026', 'codigo_classificacao': None, 'created_at': '2025-12-10T21:21:16.608000', 'email': 'educacao@acaiaca.mg.gov.br', ...}, {'ano': '2026', 'codigo_classificacao': None, 'created_at': '2025-12-10T21:21:26.997000', 'email': 'saude@acaiaca.mg.gov.br', ...}, {'ano': '2026', 'codigo_classificacao': None, 'created_at': '2026-01-05T11:48:16.466000', 'email': 'andrea.souza@acaiaca.mg.gov.br', ...}], 'pagination': {'limit': 50, 'page': 1, 'pages': 1, 'total': 3}, 'success': True}, list)">tests/test_cpf_cargo_validation.py:277: in test_public_pacs_endpoint
    assert isinstance(data, list)
E   AssertionError: assert False
E    +  where False = isinstance({'data': [{'ano': '2026', 'codigo_classificacao': None, 'created_at': '2025-12-10T21:21:16.608000', 'email': 'educacao@acaiaca.mg.gov.br', ...}, {'ano': '2026', 'codigo_classificacao': None, 'created_at': '2025-12-10T21:21:26.997000', 'email': 'saude@acaiaca.mg.gov.br', ...}, {'ano': '2026', 'codigo_classificacao': None, 'created_at': '2026-01-05T11:48:16.466000', 'email': 'andrea.souza@acaiaca.mg.gov.br', ...}], 'pagination': {'limit': 50, 'page': 1, 'pages': 1, 'total': 3}, 'success': True}, list)</failure></testcase><testcase classname="tests.test_cpf_cargo_validation.TestPublicEndpoints" name="test_public_doem_anos" time="0.042" /><testcase classname="tests.test_cpf_cargo_validation.TestPublicEndpoints" name="test_public_doem_edicoes" time="0.039" /><testcase classname="tests.test_cpf_cargo_validation.TestUserWithoutCPFCargo" name="test_clear_cpf_cargo_and_try_export" time="0.464" /><testcase classname="tests.test_cpf_cargo_validation.TestUserWithoutCPFCargo" name="test_restore_cpf_cargo_after_test" time="0.373" /><testcase classname="tests.test_cpf_cargo_validation.TestDashboardAccess" name="test_dashboard_stats" time="0.296" /><testcase classname="tests.test_cpf_cargo_validation.TestDashboardAccess" name="test_pacs_list" time="0.306" /></testsuite></testsuites>