<?xml version="1.0" encoding="utf-8"?><testsuites name="pytest tests"><testsuite name="pytest" errors="0" failures="0" skipped="0" tests="9" time="1.754" timestamp="2026-01-07T13:22:02.661965+00:00" hostname="agent-env-a6c9013d-6a64-47ce-8810-60a807cf1e37"><testcase classname="tests.test_doem_publico_and_dashboard.TestDOEMPublicoEndpoints" name="test_public_doem_anos" time="0.076" /><testcase classname="tests.test_doem_publico_and_dashboard.TestDOEMPublicoEndpoints" name="test_public_doem_edicoes" time="0.040" /><testcase classname="tests.test_doem_publico_and_dashboard.TestDOEMPublicoEndpoints" name="test_public_doem_busca" time="0.048" /><testcase classname="tests.test_doem_publico_and_dashboard.TestDOEMPublicoEndpoints" name="test_public_doem_no_auth_required" time="0.084" /><testcase classname="tests.test_doem_publico_and_dashboard.TestProcessosStatsEndpoint" name="test_processos_stats_requires_auth" time="0.042" /><testcase classname="tests.test_doem_publico_and_dashboard.TestProcessosStatsEndpoint" name="test_processos_stats_with_auth" time="0.312" /><testcase classname="tests.test_doem_publico_and_dashboard.TestProcessosStatsEndpoint" name="test_processos_stats_structure" time="0.312" /><testcase classname="tests.test_doem_publico_and_dashboard.TestProcessosPaginatedEndpoint" name="test_processos_paginado" time="0.307" /><testcase classname="tests.test_doem_publico_and_dashboard.TestProcessosPaginatedEndpoint" name="test_processos_anos" time="0.344" /></testsuite></testsuites>