<?xml version="1.0" encoding="utf-8"?><testsuites name="pytest tests"><testsuite name="pytest" errors="0" failures="0" skipped="0" tests="14" time="2.581" timestamp="2026-01-02T09:10:11.148635+00:00" hostname="agent-env-d411a693-8e7f-45ae-b1cb-45bd4cba4fa7"><testcase classname="tests.test_doem_newsletter.TestDOEMSegmentos" name="test_get_segmentos_returns_9_segments" time="0.307" /><testcase classname="tests.test_doem_newsletter.TestDOEMSegmentos" name="test_get_segmentos_returns_tipos_publicacao" time="0.034" /><testcase classname="tests.test_doem_newsletter.TestDOEMSegmentos" name="test_public_segmentos_endpoint" time="0.037" /><testcase classname="tests.test_doem_newsletter.TestNewsletterAdmin" name="test_list_inscritos" time="0.033" /><testcase classname="tests.test_doem_newsletter.TestNewsletterAdmin" name="test_get_estatisticas" time="0.038" /><testcase classname="tests.test_doem_newsletter.TestNewsletterAdmin" name="test_add_inscrito_manual" time="0.034" /><testcase classname="tests.test_doem_newsletter.TestNewsletterAdmin" name="test_toggle_inscrito" time="0.143" /><testcase classname="tests.test_doem_newsletter.TestNewsletterAdmin" name="test_delete_inscrito" time="0.109" /><testcase classname="tests.test_doem_newsletter.TestNewsletterAdmin" name="test_delete_nonexistent_inscrito" time="0.077" /><testcase classname="tests.test_doem_newsletter.TestNewsletterPublic" name="test_public_subscription" time="0.912" /><testcase classname="tests.test_doem_newsletter.TestNewsletterPublic" name="test_public_subscription_duplicate" time="0.526" /><testcase classname="tests.test_doem_newsletter.TestNewsletterUnauthorized" name="test_list_inscritos_unauthorized" time="0.035" /><testcase classname="tests.test_doem_newsletter.TestNewsletterUnauthorized" name="test_add_inscrito_unauthorized" time="0.030" /><testcase classname="tests.test_doem_newsletter.TestNewsletterUnauthorized" name="test_estatisticas_unauthorized" time="0.215" /></testsuite></testsuites>