<?xml version="1.0" encoding="utf-8"?><testsuites name="pytest tests"><testsuite name="pytest" errors="0" failures="0" skipped="0" tests="34" time="1.751" timestamp="2026-01-18T06:04:42.496868+00:00" hostname="agent-env-ff40972a-60ca-483e-8ee1-3bdd8ab42678"><testcase classname="tests.test_auth.TestAuth" name="test_login_success" time="0.293" /><testcase classname="tests.test_auth.TestAuth" name="test_login_invalid_credentials" time="0.011" /><testcase classname="tests.test_auth.TestAuth" name="test_get_me_authenticated" time="0.282" /><testcase classname="tests.test_auth.TestAuth" name="test_get_me_unauthenticated" time="0.009" /><testcase classname="tests.test_auth.TestUsers" name="test_get_users_admin" time="0.010" /><testcase classname="tests.test_auth.TestUsers" name="test_get_users_unauthenticated" time="0.009" /><testcase classname="tests.test_backup.TestBackup" name="test_backup_info" time="0.054" /><testcase classname="tests.test_backup.TestBackup" name="test_backup_export" time="0.400" /><testcase classname="tests.test_backup.TestBackup" name="test_backup_info_unauthenticated" time="0.054" /><testcase classname="tests.test_backup.TestClassificacao" name="test_get_classificacao_codigos" time="0.008" /><testcase classname="tests.test_mrosc.TestMROSC" name="test_get_naturezas_despesa" time="0.050" /><testcase classname="tests.test_mrosc.TestMROSC" name="test_get_projetos" time="0.010" /><testcase classname="tests.test_pac.TestPACIndividual" name="test_get_pacs" time="0.009" /><testcase classname="tests.test_pac.TestPACIndividual" name="test_get_pacs_paginado" time="0.009" /><testcase classname="tests.test_pac.TestPACIndividual" name="test_get_pacs_anos" time="0.052" /><testcase classname="tests.test_pac.TestPACIndividual" name="test_get_pacs_stats" time="0.011" /><testcase classname="tests.test_pac.TestPACIndividual" name="test_dashboard_stats" time="0.050" /><testcase classname="tests.test_pac.TestPACGeral" name="test_get_pacs_geral" time="0.010" /><testcase classname="tests.test_pac.TestPACGeral" name="test_get_pacs_geral_stats" time="0.051" /><testcase classname="tests.test_pac.TestPACObras" name="test_get_pacs_obras" time="0.011" /><testcase classname="tests.test_pac.TestPACObras" name="test_get_classificacao_obras" time="0.048" /><testcase classname="tests.test_processos.TestProcessos" name="test_get_processos" time="0.013" /><testcase classname="tests.test_processos.TestProcessos" name="test_get_processos_paginado" time="0.010" /><testcase classname="tests.test_processos.TestProcessos" name="test_get_processos_anos" time="0.051" /><testcase classname="tests.test_processos.TestProcessos" name="test_get_processos_stats" time="0.011" /><testcase classname="tests.test_public.TestPublicRoutes" name="test_public_pacs" time="0.010" /><testcase classname="tests.test_public.TestPublicRoutes" name="test_public_pacs_geral" time="0.009" /><testcase classname="tests.test_public.TestPublicRoutes" name="test_public_pacs_obras" time="0.007" /><testcase classname="tests.test_public.TestPublicRoutes" name="test_public_processos" time="0.010" /><testcase classname="tests.test_public.TestPublicRoutes" name="test_public_dashboard_stats" time="0.053" /><testcase classname="tests.test_public.TestPublicMROSC" name="test_public_mrosc_projetos" time="0.010" /><testcase classname="tests.test_public.TestPublicMROSC" name="test_public_mrosc_estatisticas" time="0.050" /><testcase classname="tests.test_public.TestAnalytics" name="test_analytics_dashboard" time="0.015" /><testcase classname="tests.test_public.TestAnalytics" name="test_analytics_realtime" time="0.027" /></testsuite></testsuites>