<?xml version="1.0" encoding="utf-8"?><testsuites name="pytest tests"><testsuite name="pytest" errors="0" failures="0" skipped="0" tests="20" time="3.088" timestamp="2026-01-06T16:35:01.468040+00:00" hostname="agent-env-a6c9013d-6a64-47ce-8810-60a807cf1e37"><testcase classname="tests.test_pdf_export.TestPACIndividualPDFExport" name="test_export_pdf_endpoint_exists" time="0.573" /><testcase classname="tests.test_pdf_export.TestPACIndividualPDFExport" name="test_pdf_has_validation_code_header" time="0.214" /><testcase classname="tests.test_pdf_export.TestPACIndividualPDFExport" name="test_pdf_content_is_valid" time="0.187" /><testcase classname="tests.test_pdf_export.TestPACIndividualPDFExport" name="test_pdf_page_count_with_items" time="0.218" /><testcase classname="tests.test_pdf_export.TestPACIndividualPDFExport" name="test_pdf_landscape_orientation" time="0.185" /><testcase classname="tests.test_pdf_export.TestPACIndividualPDFExport" name="test_pdf_portrait_orientation" time="0.272" /><testcase classname="tests.test_pdf_export.TestPACGeralPDFExport" name="test_export_pdf_endpoint_exists" time="0.203" /><testcase classname="tests.test_pdf_export.TestPACGeralPDFExport" name="test_pdf_has_validation_code_header" time="0.166" /><testcase classname="tests.test_pdf_export.TestPACGeralPDFExport" name="test_pdf_content_is_valid" time="0.210" /><testcase classname="tests.test_pdf_export.TestPACGeralPDFExport" name="test_pdf_pagination_with_more_than_15_items" time="0.576" /><testcase classname="tests.test_pdf_export.TestPDFDesignFeatures" name="test_items_per_page_constant" time="0.001" /><testcase classname="tests.test_pdf_export.TestPDFDesignFeatures" name="test_professional_styles_function_exists" time="0.001" /><testcase classname="tests.test_pdf_export.TestPDFDesignFeatures" name="test_professional_header_function_exists" time="0.001" /><testcase classname="tests.test_pdf_export.TestPDFDesignFeatures" name="test_signature_section_function_exists" time="0.001" /><testcase classname="tests.test_pdf_export.TestPDFDesignFeatures" name="test_digital_signature_seal_function_exists" time="0.001" /><testcase classname="tests.test_pdf_export.TestPDFDesignFeatures" name="test_alternating_row_colors_in_table" time="0.001" /><testcase classname="tests.test_pdf_export.TestPDFDesignFeatures" name="test_pagination_implementation" time="0.001" /><testcase classname="tests.test_pdf_export.TestPDFExportErrorHandling" name="test_export_pdf_nonexistent_pac" time="0.050" /><testcase classname="tests.test_pdf_export.TestPDFExportErrorHandling" name="test_export_pdf_nonexistent_pac_geral" time="0.049" /><testcase classname="tests.test_pdf_export.TestPDFExportErrorHandling" name="test_export_pdf_without_auth" time="0.035" /></testsuite></testsuites>