<?xml version="1.0" encoding="utf-8"?><testsuites name="pytest tests"><testsuite name="pytest" errors="0" failures="0" skipped="0" tests="16" time="3.725" timestamp="2026-01-02T08:42:31.203112+00:00" hostname="agent-env-d411a693-8e7f-45ae-b1cb-45bd4cba4fa7"><testcase classname="tests.test_new_features.TestYearFilters" name="test_pacs_anos_endpoint" time="0.295" /><testcase classname="tests.test_new_features.TestYearFilters" name="test_pacs_geral_anos_endpoint" time="0.266" /><testcase classname="tests.test_new_features.TestYearFilters" name="test_processos_anos_endpoint" time="0.309" /><testcase classname="tests.test_new_features.TestYearFilters" name="test_pacs_filter_by_year" time="0.362" /><testcase classname="tests.test_new_features.TestYearFilters" name="test_pacs_geral_filter_by_year" time="0.275" /><testcase classname="tests.test_new_features.TestYearFilters" name="test_processos_filter_by_year" time="0.324" /><testcase classname="tests.test_new_features.TestDOEMModule" name="test_doem_config_endpoint" time="0.264" /><testcase classname="tests.test_new_features.TestDOEMModule" name="test_doem_edicoes_anos_endpoint" time="0.268" /><testcase classname="tests.test_new_features.TestDOEMModule" name="test_doem_list_edicoes" time="0.262" /><testcase classname="tests.test_new_features.TestDOEMModule" name="test_doem_create_edicao" time="0.261" /><testcase classname="tests.test_new_features.TestDOEMModule" name="test_doem_get_edicao" time="0.268" /><testcase classname="tests.test_new_features.TestDOEMModule" name="test_doem_download_pdf" time="0.313" /><testcase classname="tests.test_new_features.TestDOEMPublicPortal" name="test_public_doem_anos" time="0.036" /><testcase classname="tests.test_new_features.TestDOEMPublicPortal" name="test_public_doem_edicoes" time="0.034" /><testcase classname="tests.test_new_features.TestDOEMPublicPortal" name="test_public_doem_busca" time="0.030" /><testcase classname="tests.test_new_features.TestDOEMPublicPortal" name="test_public_doem_pdf_download" time="0.047" /></testsuite></testsuites>