<?xml version="1.0" encoding="utf-8"?><testsuites name="pytest tests"><testsuite name="pytest" errors="0" failures="0" skipped="0" tests="15" time="4.373" timestamp="2026-01-10T02:02:05.286726+00:00" hostname="agent-env-32f39d1f-2502-4608-bdff-881f326f3e29"><testcase classname="tests.test_cpf_cargo_validation.TestAuthAndLogin" name="test_login_success" time="0.277" /><testcase classname="tests.test_cpf_cargo_validation.TestAuthAndLogin" name="test_login_invalid_credentials" time="0.071" /><testcase classname="tests.test_cpf_cargo_validation.TestUserSignatureData" name="test_get_current_user_with_signature_data" time="0.305" /><testcase classname="tests.test_cpf_cargo_validation.TestUserSignatureData" name="test_get_users_list" time="0.294" /><testcase classname="tests.test_cpf_cargo_validation.TestCPFCargoValidationForPDFExport" name="test_get_pac_exists" time="0.307" /><testcase classname="tests.test_cpf_cargo_validation.TestCPFCargoValidationForPDFExport" name="test_export_pdf_with_valid_cpf_cargo" time="0.573" /><testcase classname="tests.test_cpf_cargo_validation.TestUpdateUserSignatureData" name="test_update_user_with_cpf_cargo" time="0.374" /><testcase classname="tests.test_cpf_cargo_validation.TestPDFExportAfterCPFCargoUpdate" name="test_pdf_export_after_cpf_cargo_filled" time="0.664" /><testcase classname="tests.test_cpf_cargo_validation.TestPublicEndpoints" name="test_public_pacs_endpoint" time="0.038" /><testcase classname="tests.test_cpf_cargo_validation.TestPublicEndpoints" name="test_public_doem_anos" time="0.037" /><testcase classname="tests.test_cpf_cargo_validation.TestPublicEndpoints" name="test_public_doem_edicoes" time="0.037" /><testcase classname="tests.test_cpf_cargo_validation.TestUserWithoutCPFCargo" name="test_clear_cpf_cargo_and_try_export" time="0.384" /><testcase classname="tests.test_cpf_cargo_validation.TestUserWithoutCPFCargo" name="test_restore_cpf_cargo_after_test" time="0.336" /><testcase classname="tests.test_cpf_cargo_validation.TestDashboardAccess" name="test_dashboard_stats" time="0.299" /><testcase classname="tests.test_cpf_cargo_validation.TestDashboardAccess" name="test_pacs_list" time="0.304" /></testsuite></testsuites>