<?xml version="1.0" encoding="utf-8"?><testsuites name="pytest tests"><testsuite name="pytest" errors="0" failures="0" skipped="0" tests="11" time="45.307" timestamp="2026-01-19T03:47:47.968894+00:00" hostname="agent-env-5a1e647b-3455-432e-9831-097c0b3502c5"><testcase classname="tests.test_pdf_layout_doem.TestPDFExportLayout" name="test_pac_individual_pdf_export_authenticated" time="6.508" /><testcase classname="tests.test_pdf_layout_doem.TestPDFExportLayout" name="test_pac_individual_pdf_export_public" time="6.485" /><testcase classname="tests.test_pdf_layout_doem.TestPDFExportLayout" name="test_processos_pdf_export_public" time="6.413" /><testcase classname="tests.test_pdf_layout_doem.TestPDFExportLayout" name="test_pdf_content_analysis" time="6.402" /><testcase classname="tests.test_pdf_layout_doem.TestPDFExportLayout" name="test_pdf_portrait_orientation" time="6.642" /><testcase classname="tests.test_pdf_layout_doem.TestPDFExportLayout" name="test_pdf_with_signature_date" time="6.538" /><testcase classname="tests.test_pdf_layout_doem.TestPDFExportErrors" name="test_pac_not_found" time="0.053" /><testcase classname="tests.test_pdf_layout_doem.TestPDFExportErrors" name="test_invalid_orientation" time="5.863" /><testcase classname="tests.test_pdf_layout_doem.TestDOEMTemplateElements" name="test_brasao_file_exists" time="0.000" /><testcase classname="tests.test_pdf_layout_doem.TestDOEMTemplateElements" name="test_pdf_utils_module" time="0.315" /><testcase classname="tests.test_pdf_layout_doem.TestDOEMTemplateElements" name="test_doem_template_class" time="0.000" /></testsuite></testsuites>