<?xml version="1.0" encoding="utf-8"?><testsuites name="pytest tests"><testsuite name="pytest" errors="0" failures="1" skipped="0" tests="14" time="2.618" timestamp="2026-01-06T16:48:43.444444+00:00" hostname="agent-env-a6c9013d-6a64-47ce-8810-60a807cf1e37"><testcase classname="tests.test_pagination_features.TestPDFExportNoPagination" name="test_pac_individual_pdf_export_returns_pdf" time="0.605" /><testcase classname="tests.test_pagination_features.TestPDFExportNoPagination" name="test_pac_geral_pdf_export_returns_pdf" time="0.246" /><testcase classname="tests.test_pagination_features.TestPDFExportNoPagination" name="test_pac_geral_specific_pdf_export" time="0.481" /><testcase classname="tests.test_pagination_features.TestPDFExportNoPagination" name="test_pdf_landscape_orientation" time="0.285" /><testcase classname="tests.test_pagination_features.TestPDFExportNoPagination" name="test_pdf_portrait_orientation" time="0.253" /><testcase classname="tests.test_pagination_features.TestPublicPortalProcessosPagination" name="test_public_processos_endpoint_exists" time="0.040" /><testcase classname="tests.test_pagination_features.TestPublicPortalProcessosPagination" name="test_public_dashboard_stats" time="0.041" /><testcase classname="tests.test_pagination_features.TestPublicPortalProcessosPagination" name="test_public_pacs_endpoint" time="0.045" /><testcase classname="tests.test_pagination_features.TestPublicPortalProcessosPagination" name="test_public_pacs_geral_endpoint" time="0.043" /><testcase classname="tests.test_pagination_features.TestPACItemsEndpoints" name="test_pac_items_endpoint" time="0.076" /><testcase classname="tests.test_pagination_features.TestPACItemsEndpoints" name="test_pac_geral_items_endpoint" time="0.072"><failure message="assert 520 == 200&#10; +  where 520 = &lt;Response [520]&gt;.status_code">tests/test_pagination_features.py:205: in test_pac_geral_items_endpoint
    assert response.status_code == 200
E   assert 520 == 200
E    +  where 520 = &lt;Response [520]&gt;.status_code</failure></testcase><testcase classname="tests.test_pagination_features.TestPublicPDFExport" name="test_public_pac_pdf_export" time="0.082" /><testcase classname="tests.test_pagination_features.TestPublicPDFExport" name="test_public_pac_geral_pdf_export" time="0.089" /><testcase classname="tests.test_pagination_features.TestPublicPDFExport" name="test_public_processos_pdf_export" time="0.150" /></testsuite></testsuites>