<?xml version="1.0" encoding="utf-8"?><testsuites name="pytest tests"><testsuite name="pytest" errors="0" failures="0" skipped="0" tests="14" time="2.740" timestamp="2026-01-06T16:52:51.452736+00:00" hostname="agent-env-a6c9013d-6a64-47ce-8810-60a807cf1e37"><testcase classname="tests.test_pagination_features.TestPDFExportNoPagination" name="test_pac_individual_pdf_export_returns_pdf" time="0.579" /><testcase classname="tests.test_pagination_features.TestPDFExportNoPagination" name="test_pac_geral_pdf_export_returns_pdf" time="0.437" /><testcase classname="tests.test_pagination_features.TestPDFExportNoPagination" name="test_pac_geral_specific_pdf_export" time="0.511" /><testcase classname="tests.test_pagination_features.TestPDFExportNoPagination" name="test_pdf_landscape_orientation" time="0.279" /><testcase classname="tests.test_pagination_features.TestPDFExportNoPagination" name="test_pdf_portrait_orientation" time="0.235" /><testcase classname="tests.test_pagination_features.TestPublicPortalProcessosPagination" name="test_public_processos_endpoint_exists" time="0.048" /><testcase classname="tests.test_pagination_features.TestPublicPortalProcessosPagination" name="test_public_dashboard_stats" time="0.036" /><testcase classname="tests.test_pagination_features.TestPublicPortalProcessosPagination" name="test_public_pacs_endpoint" time="0.037" /><testcase classname="tests.test_pagination_features.TestPublicPortalProcessosPagination" name="test_public_pacs_geral_endpoint" time="0.041" /><testcase classname="tests.test_pagination_features.TestPACItemsEndpoints" name="test_pac_items_endpoint" time="0.072" /><testcase classname="tests.test_pagination_features.TestPACItemsEndpoints" name="test_pac_geral_items_endpoint" time="0.076" /><testcase classname="tests.test_pagination_features.TestPublicPDFExport" name="test_public_pac_pdf_export" time="0.090" /><testcase classname="tests.test_pagination_features.TestPublicPDFExport" name="test_public_pac_geral_pdf_export" time="0.126" /><testcase classname="tests.test_pagination_features.TestPublicPDFExport" name="test_public_processos_pdf_export" time="0.102" /></testsuite></testsuites>