<?xml version="1.0" encoding="utf-8"?><testsuites name="pytest tests"><testsuite name="pytest" errors="0" failures="0" skipped="0" tests="15" time="5.585" timestamp="2026-01-06T14:57:39.373053+00:00" hostname="agent-env-a6c9013d-6a64-47ce-8810-60a807cf1e37"><testcase classname="tests.test_pagination_endpoints.TestPACPagination" name="test_pacs_paginado_default" time="0.316" /><testcase classname="tests.test_pagination_endpoints.TestPACPagination" name="test_pacs_paginado_with_page_size" time="0.269" /><testcase classname="tests.test_pagination_endpoints.TestPACPagination" name="test_pacs_paginado_with_year_filter" time="0.338" /><testcase classname="tests.test_pagination_endpoints.TestPACPagination" name="test_pacs_paginado_pagination_navigation" time="0.529" /><testcase classname="tests.test_pagination_endpoints.TestPACGeralPagination" name="test_pacs_geral_paginado_default" time="0.289" /><testcase classname="tests.test_pagination_endpoints.TestPACGeralPagination" name="test_pacs_geral_paginado_with_page_size" time="0.266" /><testcase classname="tests.test_pagination_endpoints.TestPACGeralPagination" name="test_pacs_geral_paginado_with_year_filter" time="0.319" /><testcase classname="tests.test_pagination_endpoints.TestPACGeralPagination" name="test_pacs_geral_paginado_search" time="0.279" /><testcase classname="tests.test_pagination_endpoints.TestProcessosPagination" name="test_processos_paginado_default" time="0.270" /><testcase classname="tests.test_pagination_endpoints.TestProcessosPagination" name="test_processos_paginado_with_page_size_20" time="0.317" /><testcase classname="tests.test_pagination_endpoints.TestProcessosPagination" name="test_processos_paginado_with_year_filter" time="0.273" /><testcase classname="tests.test_pagination_endpoints.TestProcessosPagination" name="test_processos_paginado_with_status_filter" time="0.265" /><testcase classname="tests.test_pagination_endpoints.TestProcessosPagination" name="test_processos_paginado_with_search" time="0.266" /><testcase classname="tests.test_pagination_endpoints.TestPDFSignature" name="test_pac_pdf_export_has_signature" time="0.490" /><testcase classname="tests.test_pagination_endpoints.TestPDFSignature" name="test_pac_geral_pdf_export_has_signature" time="0.978" /></testsuite></testsuites>