<?xml version="1.0" encoding="utf-8"?><testsuites name="pytest tests"><testsuite name="pytest" errors="0" failures="0" skipped="0" tests="8" time="2.376" timestamp="2026-03-04T03:36:24.333641+00:00" hostname="agent-env-390cb28a-9535-4e0b-83ca-874da7c8c26e"><testcase classname="tests.test_bug_fixes.TestPublicProcessosAnos" name="test_public_processos_anos_endpoint_exists" time="0.214" /><testcase classname="tests.test_bug_fixes.TestPublicProcessosAnos" name="test_public_processos_filter_by_year" time="0.180" /><testcase classname="tests.test_bug_fixes.TestPortaria448Codes" name="test_classificacao_codigos_contains_portaria_448" time="0.269" /><testcase classname="tests.test_bug_fixes.TestProcessoCreation" name="test_create_processo_with_all_fields" time="0.939" /><testcase classname="tests.test_bug_fixes.TestPortalPublicoRoute" name="test_portal_publico_route_loads" time="0.174" /><testcase classname="tests.test_bug_fixes.TestPortalPublicoRoute" name="test_transparencia_route_loads" time="0.165" /><testcase classname="tests.test_bug_fixes.TestPortalPublicoRoute" name="test_root_route_loads_portal" time="0.158" /><testcase classname="tests.test_bug_fixes.TestPublicProcessos" name="test_public_processos_endpoint" time="0.168" /></testsuite></testsuites>