<?xml version="1.0" encoding="utf-8"?><testsuites name="pytest tests"><testsuite name="pytest" errors="0" failures="1" skipped="0" tests="14" time="2.895" timestamp="2026-01-02T09:09:20.608886+00:00" hostname="agent-env-d411a693-8e7f-45ae-b1cb-45bd4cba4fa7"><testcase classname="tests.test_doem_newsletter.TestDOEMSegmentos" name="test_get_segmentos_returns_9_segments" time="0.339" /><testcase classname="tests.test_doem_newsletter.TestDOEMSegmentos" name="test_get_segmentos_returns_tipos_publicacao" time="0.035"><failure message="AssertionError: tipos_publicacao missing segment: Portarias&#10;assert 'Portarias' in ['Decreto', 'Portaria', 'Lei', 'Edital', 'Aviso', 'Extrato de Contrato', ...]">tests/test_doem_newsletter.py:72: in test_get_segmentos_returns_tipos_publicacao
    assert seg in tipos, f"tipos_publicacao missing segment: {seg}"
E   AssertionError: tipos_publicacao missing segment: Portarias
E   assert 'Portarias' in ['Decreto', 'Portaria', 'Lei', 'Edital', 'Aviso', 'Extrato de Contrato', ...]</failure></testcase><testcase classname="tests.test_doem_newsletter.TestDOEMSegmentos" name="test_public_segmentos_endpoint" time="0.036" /><testcase classname="tests.test_doem_newsletter.TestNewsletterAdmin" name="test_list_inscritos" time="0.049" /><testcase classname="tests.test_doem_newsletter.TestNewsletterAdmin" name="test_get_estatisticas" time="0.041" /><testcase classname="tests.test_doem_newsletter.TestNewsletterAdmin" name="test_add_inscrito_manual" time="0.038" /><testcase classname="tests.test_doem_newsletter.TestNewsletterAdmin" name="test_toggle_inscrito" time="0.147" /><testcase classname="tests.test_doem_newsletter.TestNewsletterAdmin" name="test_delete_inscrito" time="0.098" /><testcase classname="tests.test_doem_newsletter.TestNewsletterAdmin" name="test_delete_nonexistent_inscrito" time="0.032" /><testcase classname="tests.test_doem_newsletter.TestNewsletterPublic" name="test_public_subscription" time="1.210" /><testcase classname="tests.test_doem_newsletter.TestNewsletterPublic" name="test_public_subscription_duplicate" time="0.539" /><testcase classname="tests.test_doem_newsletter.TestNewsletterUnauthorized" name="test_list_inscritos_unauthorized" time="0.033" /><testcase classname="tests.test_doem_newsletter.TestNewsletterUnauthorized" name="test_add_inscrito_unauthorized" time="0.030" /><testcase classname="tests.test_doem_newsletter.TestNewsletterUnauthorized" name="test_estatisticas_unauthorized" time="0.182" /></testsuite></testsuites>