<?xml version="1.0" encoding="utf-8"?><testsuites name="pytest tests"><testsuite name="pytest" errors="0" failures="0" skipped="0" tests="11" time="1.489" timestamp="2026-01-06T13:05:00.022257+00:00" hostname="agent-env-bf233b4e-7534-4d82-a0ce-4d55251c9e2c"><testcase classname="tests.test_pagination_signature.TestProcessosPagination" name="test_get_processos_returns_list" time="0.295" /><testcase classname="tests.test_pagination_signature.TestProcessosPagination" name="test_processos_count_for_pagination" time="0.013" /><testcase classname="tests.test_pagination_signature.TestProcessosPagination" name="test_processos_anos_endpoint" time="0.010" /><testcase classname="tests.test_pagination_signature.TestUserSignatureData" name="test_get_users_includes_signature_data" time="0.278" /><testcase classname="tests.test_pagination_signature.TestUserSignatureData" name="test_signature_data_structure" time="0.013" /><testcase classname="tests.test_pagination_signature.TestUserSignatureData" name="test_create_user_with_signature_data" time="0.284" /><testcase classname="tests.test_pagination_signature.TestUserSignatureData" name="test_update_user_signature_data" time="0.259" /><testcase classname="tests.test_pagination_signature.TestInputMasks" name="test_telefone_mask_format" time="0.000" /><testcase classname="tests.test_pagination_signature.TestInputMasks" name="test_cpf_mask_format" time="0.000" /><testcase classname="tests.test_pagination_signature.TestInputMasks" name="test_cep_mask_format" time="0.000" /><testcase classname="tests.test_pagination_signature.TestUserPermissions" name="test_user_has_permissions_field" time="0.271" /></testsuite></testsuites>