<?xml version="1.0" encoding="utf-8"?><testsuites name="pytest tests"><testsuite name="pytest" errors="0" failures="0" skipped="0" tests="11" time="3.477" timestamp="2026-01-06T14:21:02.766246+00:00" hostname="agent-env-a6c9013d-6a64-47ce-8810-60a807cf1e37"><testcase classname="tests.test_historico_assinaturas.TestHistoricoAssinaturas" name="test_historico_endpoint_returns_200" time="0.325" /><testcase classname="tests.test_historico_assinaturas.TestHistoricoAssinaturas" name="test_historico_returns_paginated_response" time="0.293" /><testcase classname="tests.test_historico_assinaturas.TestHistoricoAssinaturas" name="test_historico_item_structure" time="0.302" /><testcase classname="tests.test_historico_assinaturas.TestHistoricoAssinaturas" name="test_historico_pagination_works" time="0.298" /><testcase classname="tests.test_historico_assinaturas.TestHistoricoAssinaturas" name="test_estatisticas_endpoint_returns_200" time="0.299" /><testcase classname="tests.test_historico_assinaturas.TestHistoricoAssinaturas" name="test_estatisticas_returns_correct_structure" time="0.301" /><testcase classname="tests.test_historico_assinaturas.TestHistoricoAssinaturas" name="test_estatisticas_por_tipo_structure" time="0.295" /><testcase classname="tests.test_historico_assinaturas.TestHistoricoAssinaturas" name="test_estatisticas_ultima_assinatura" time="0.311" /><testcase classname="tests.test_historico_assinaturas.TestHistoricoAssinaturas" name="test_historico_requires_authentication" time="0.294" /><testcase classname="tests.test_historico_assinaturas.TestHistoricoAssinaturas" name="test_estatisticas_requires_authentication" time="0.290" /><testcase classname="tests.test_historico_assinaturas.TestHistoricoAssinaturas" name="test_data_consistency" time="0.346" /></testsuite></testsuites>