<?xml version="1.0" encoding="utf-8"?><testsuites name="pytest tests"><testsuite name="pytest" errors="0" failures="0" skipped="0" tests="8" time="2.277" timestamp="2026-01-02T09:53:31.268165+00:00" hostname="agent-env-d411a693-8e7f-45ae-b1cb-45bd4cba4fa7"><testcase classname="tests.test_processos_ano_filter.TestProcessosYearFilter" name="test_get_processos_anos_endpoint" time="0.299" /><testcase classname="tests.test_processos_ano_filter.TestProcessosYearFilter" name="test_get_processos_filtered_by_2025" time="0.279" /><testcase classname="tests.test_processos_ano_filter.TestProcessosYearFilter" name="test_processos_have_ano_field" time="0.262" /><testcase classname="tests.test_processos_ano_filter.TestProcessosYearFilter" name="test_processos_without_ano_filter" time="0.268" /><testcase classname="tests.test_processos_ano_filter.TestProcessosYearFilter" name="test_processos_filter_by_nonexistent_year" time="0.268" /><testcase classname="tests.test_processos_ano_filter.TestDOEMPDFGeneration" name="test_doem_edicoes_list" time="0.269" /><testcase classname="tests.test_processos_ano_filter.TestDOEMPDFGeneration" name="test_doem_pdf_generation" time="0.313" /><testcase classname="tests.test_processos_ano_filter.TestDOEMPDFGeneration" name="test_doem_images_exist" time="0.259" /></testsuite></testsuites>