<?xml version="1.0" encoding="utf-8"?><testsuites name="pytest tests"><testsuite name="pytest" errors="0" failures="0" skipped="0" tests="12" time="1.975" timestamp="2026-01-06T13:20:48.744425+00:00" hostname="agent-env-bf233b4e-7534-4d82-a0ce-4d55251c9e2c"><testcase classname="tests.test_validation_doem.TestDocumentValidationAPI" name="test_validation_info_endpoint" time="0.057" /><testcase classname="tests.test_validation_doem.TestDocumentValidationAPI" name="test_validation_post_invalid_code" time="0.037" /><testcase classname="tests.test_validation_doem.TestDocumentValidationAPI" name="test_validation_get_invalid_code" time="0.036" /><testcase classname="tests.test_validation_doem.TestDocumentValidationAPI" name="test_validation_empty_code" time="0.040" /><testcase classname="tests.test_validation_doem.TestDOEMPDFGeneration" name="test_public_doem_pdf_endpoint" time="0.091" /><testcase classname="tests.test_validation_doem.TestDOEMPDFGeneration" name="test_public_doem_pdf_not_found" time="0.037" /><testcase classname="tests.test_validation_doem.TestDOEMPDFGeneration" name="test_public_doem_edicoes_list" time="0.037" /><testcase classname="tests.test_validation_doem.TestDOEMPDFGeneration" name="test_public_doem_anos" time="0.033" /><testcase classname="tests.test_validation_doem.TestUserSignatureData" name="test_get_users_list" time="0.297" /><testcase classname="tests.test_validation_doem.TestUserSignatureData" name="test_create_user_with_signature_data" time="0.602" /><testcase classname="tests.test_validation_doem.TestPagination" name="test_processos_pagination_default" time="0.295" /><testcase classname="tests.test_validation_doem.TestPagination" name="test_processos_returns_data" time="0.347" /></testsuite></testsuites>