<?xml version="1.0" encoding="utf-8"?><testsuites name="pytest tests"><testsuite name="pytest" errors="0" failures="0" skipped="0" tests="15" time="3.700" timestamp="2026-01-18T06:07:34.260226+00:00" hostname="agent-env-ff40972a-60ca-483e-8ee1-3bdd8ab42678"><testcase classname="tests.test_mrosc_complete.TestMROSCComplete" name="test_admin_login_success" time="0.294" /><testcase classname="tests.test_mrosc_complete.TestMROSCComplete" name="test_admin_login_invalid_credentials" time="0.037" /><testcase classname="tests.test_mrosc_complete.TestMROSCComplete" name="test_get_mrosc_projetos_list" time="0.267" /><testcase classname="tests.test_mrosc_complete.TestMROSCComplete" name="test_get_naturezas_despesa" time="0.270" /><testcase classname="tests.test_mrosc_complete.TestMROSCComplete" name="test_create_mrosc_projeto" time="0.268" /><testcase classname="tests.test_mrosc_complete.TestMROSCComplete" name="test_get_mrosc_projeto_by_id" time="0.281" /><testcase classname="tests.test_mrosc_complete.TestMROSCComplete" name="test_get_mrosc_projeto_resumo" time="0.280" /><testcase classname="tests.test_mrosc_complete.TestMROSCComplete" name="test_export_mrosc_pdf" time="0.461" /><testcase classname="tests.test_mrosc_complete.TestMROSCComplete" name="test_export_mrosc_pdf_not_found" time="0.311" /><testcase classname="tests.test_mrosc_complete.TestMROSCComplete" name="test_public_mrosc_projetos" time="0.036" /><testcase classname="tests.test_mrosc_complete.TestMROSCComplete" name="test_public_mrosc_estatisticas" time="0.034" /><testcase classname="tests.test_mrosc_complete.TestMROSCComplete" name="test_get_mrosc_projeto_rh" time="0.279" /><testcase classname="tests.test_mrosc_complete.TestMROSCComplete" name="test_get_mrosc_projeto_despesas" time="0.276" /><testcase classname="tests.test_mrosc_complete.TestMROSCComplete" name="test_get_mrosc_projeto_documentos" time="0.272" /><testcase classname="tests.test_mrosc_complete.TestMROSCComplete" name="test_cleanup_test_projects" time="0.279" /></testsuite></testsuites>