<?xml version="1.0" encoding="utf-8"?><testsuites name="pytest tests"><testsuite name="pytest" errors="0" failures="1" skipped="0" tests="11" time="1.664" timestamp="2026-01-06T13:04:43.091992+00:00" hostname="agent-env-bf233b4e-7534-4d82-a0ce-4d55251c9e2c"><testcase classname="tests.test_pagination_signature.TestProcessosPagination" name="test_get_processos_returns_list" time="0.333" /><testcase classname="tests.test_pagination_signature.TestProcessosPagination" name="test_processos_count_for_pagination" time="0.012" /><testcase classname="tests.test_pagination_signature.TestProcessosPagination" name="test_processos_anos_endpoint" time="0.053" /><testcase classname="tests.test_pagination_signature.TestUserSignatureData" name="test_get_users_includes_signature_data" time="0.270" /><testcase classname="tests.test_pagination_signature.TestUserSignatureData" name="test_signature_data_structure" time="0.009" /><testcase classname="tests.test_pagination_signature.TestUserSignatureData" name="test_create_user_with_signature_data" time="0.287" /><testcase classname="tests.test_pagination_signature.TestUserSignatureData" name="test_update_user_signature_data" time="0.290" /><testcase classname="tests.test_pagination_signature.TestInputMasks" name="test_telefone_mask_format" time="0.000" /><testcase classname="tests.test_pagination_signature.TestInputMasks" name="test_cpf_mask_format" time="0.000" /><testcase classname="tests.test_pagination_signature.TestInputMasks" name="test_cep_mask_format" time="0.000" /><testcase classname="tests.test_pagination_signature.TestUserPermissions" name="test_user_has_permissions_field" time="0.270"><failure message="TypeError: argument of type 'NoneType' is not iterable">tests/test_pagination_signature.py:262: in test_user_has_permissions_field
    assert perm in perms, f"Permission '{perm}' missing"
           ^^^^^^^^^^^^^
E   TypeError: argument of type 'NoneType' is not iterable</failure></testcase></testsuite></testsuites>