<?xml version="1.0" encoding="utf-8"?><testsuites name="pytest tests"><testsuite name="pytest" errors="0" failures="1" skipped="0" tests="12" time="1.944" timestamp="2026-01-06T13:18:56.660757+00:00" hostname="agent-env-bf233b4e-7534-4d82-a0ce-4d55251c9e2c"><testcase classname="tests.test_validation_doem.TestDocumentValidationAPI" name="test_validation_info_endpoint" time="0.062" /><testcase classname="tests.test_validation_doem.TestDocumentValidationAPI" name="test_validation_post_invalid_code" time="0.037" /><testcase classname="tests.test_validation_doem.TestDocumentValidationAPI" name="test_validation_get_invalid_code" time="0.037" /><testcase classname="tests.test_validation_doem.TestDocumentValidationAPI" name="test_validation_empty_code" time="0.035" /><testcase classname="tests.test_validation_doem.TestDOEMPDFGeneration" name="test_public_doem_pdf_endpoint" time="0.077" /><testcase classname="tests.test_validation_doem.TestDOEMPDFGeneration" name="test_public_doem_pdf_not_found" time="0.035" /><testcase classname="tests.test_validation_doem.TestDOEMPDFGeneration" name="test_public_doem_edicoes_list" time="0.033" /><testcase classname="tests.test_validation_doem.TestDOEMPDFGeneration" name="test_public_doem_anos" time="0.038" /><testcase classname="tests.test_validation_doem.TestUserSignatureData" name="test_get_users_list" time="0.295" /><testcase classname="tests.test_validation_doem.TestUserSignatureData" name="test_create_user_with_signature_data" time="0.573" /><testcase classname="tests.test_validation_doem.TestPagination" name="test_processos_pagination_default" time="0.294" /><testcase classname="tests.test_validation_doem.TestPagination" name="test_processos_with_limit" time="0.337"><failure message="AssertionError: assert 74 &lt;= 10&#10; +  where 74 = len([{'ano': 2025, 'created_at': '2025-12-29T15:24:00.774000', 'data_autuacao': None, 'data_contrato': None, ...}, {'ano': 2025, 'created_at': '2025-12-29T15:24:00.806000', 'data_autuacao': '2025-02-26T03:00:00', 'data_contrato': '2025-02-26T03:00:00', ...}, {'ano': 2025, 'created_at': '2025-12-29T15:24:00.806000', 'data_autuacao': '2025-01-16T09:00:00', 'data_contrato': '2025-05-08T09:00:00', ...}, {'ano': 2025, 'created_at': '2025-12-29T15:24:00.807000', 'data_autuacao': '2025-01-20T09:00:00', 'data_contrato': '2025-01-20T09:00:00', ...}, {'ano': 2025, 'created_at': '2025-12-29T15:24:00.807000', 'data_autuacao': '2025-01-16T09:00:00', 'data_contrato': '2025-01-20T09:00:00', ...}, {'ano': 2025, 'created_at': '2025-12-29T15:24:00.807000', 'data_autuacao': '2025-02-12T06:00:00', 'data_contrato': '2025-02-25T06:00:00', ...}, ...])">tests/test_validation_doem.py:233: in test_processos_with_limit
    assert len(data) &lt;= 10
E   AssertionError: assert 74 &lt;= 10
E    +  where 74 = len([{'ano': 2025, 'created_at': '2025-12-29T15:24:00.774000', 'data_autuacao': None, 'data_contrato': None, ...}, {'ano': 2025, 'created_at': '2025-12-29T15:24:00.806000', 'data_autuacao': '2025-02-26T03:00:00', 'data_contrato': '2025-02-26T03:00:00', ...}, {'ano': 2025, 'created_at': '2025-12-29T15:24:00.806000', 'data_autuacao': '2025-01-16T09:00:00', 'data_contrato': '2025-05-08T09:00:00', ...}, {'ano': 2025, 'created_at': '2025-12-29T15:24:00.807000', 'data_autuacao': '2025-01-20T09:00:00', 'data_contrato': '2025-01-20T09:00:00', ...}, {'ano': 2025, 'created_at': '2025-12-29T15:24:00.807000', 'data_autuacao': '2025-01-16T09:00:00', 'data_contrato': '2025-01-20T09:00:00', ...}, {'ano': 2025, 'created_at': '2025-12-29T15:24:00.807000', 'data_autuacao': '2025-02-12T06:00:00', 'data_contrato': '2025-02-25T06:00:00', ...}, ...])</failure></testcase></testsuite></testsuites>